This is pdfTeX, Version 3.14159265-2.6-1.40.17 (TeX Live 2016) (preloaded format=pdflatex 2017.3.1)  28 JUN 2020 16:03
entering extended mode
 restricted \write18 enabled.
 %&-line parsing enabled.
**content_einleitung.tex
(./content_einleitung.tex
LaTeX2e <2016/03/31>
Babel <3.9r> and hyphenation patterns for 83 language(s) loaded.
! Undefined control sequence.
l.1 \section
            {Einleitung}
The control sequence at the end of the top line
of your error message was never \def'ed. If you have
misspelled it (e.g., `\hobx'), type `I' and the correct
spelling (e.g., `I\hbox'). Otherwise just continue,
and I'll forget about whatever was undefined.


! LaTeX Error: Missing \begin{document}.

See the LaTeX manual or LaTeX Companion for explanation.
Type  H <return>  for immediate help.
 ...                                              
                                                  
l.1 \section{E
              inleitung}
You're in trouble here.  Try typing  <return>  to proceed.
If that doesn't work, type  X <return>  to quit.

Missing character: There is no E in font nullfont!
Missing character: There is no i in font nullfont!
Missing character: There is no n in font nullfont!
Missing character: There is no l in font nullfont!
Missing character: There is no e in font nullfont!
Missing character: There is no i in font nullfont!
Missing character: There is no t in font nullfont!
Missing character: There is no u in font nullfont!
Missing character: There is no n in font nullfont!
Missing character: There is no g in font nullfont!
Missing character: There is no A in font nullfont!
Missing character: There is no u in font nullfont!
Missing character: There is no f in font nullfont!
Missing character: There is no g in font nullfont!
Missing character: There is no a in font nullfont!
Missing character: There is no b in font nullfont!
Missing character: There is no e in font nullfont!
Missing character: There is no n in font nullfont!

! LaTeX Error: Environment large undefined.

See the LaTeX manual or LaTeX Companion for explanation.
Type  H <return>  for immediate help.
 ...                                              
                                                  
l.3 \begin{large}
                 
Your command was ignored.
Type  I <command> <return>  to replace it with another command,
or  <return>  to continue without it.


Overfull \hbox (20.0pt too wide) in paragraph at lines 1--5
 [] 
 []

Missing character: There is no Ã in font cmbx10!
Missing character: There is no ¼ in font cmbx10!

Overfull \hbox (33.07623pt too wide) in paragraph at lines 6--7
\OT1/cmr/bx/n/10 Arbeit
 []


Overfull \hbox (11.97908pt too wide) in paragraph at lines 6--7
\OT1/cmr/bx/n/10 an
 []


Overfull \hbox (29.70819pt too wide) in paragraph at lines 6--7
\OT1/cmr/bx/n/10 einem
 []


Overfull \hbox (26.30542pt too wide) in paragraph at lines 6--7
\OT1/cmr/bx/n/10 CNN
 []


Overfull \hbox (8.24997pt too wide) in paragraph at lines 6--7
\OT1/cmr/bx/n/10 fr
 []


Overfull \hbox (18.04852pt too wide) in paragraph at lines 6--7
\OT1/cmr/bx/n/10 den
 []


Overfull \hbox (21.50124pt too wide) in paragraph at lines 6--7
\OT1/cmr/bx/n/10 Pas-
 []


Overfull \hbox (13.89574pt too wide) in paragraph at lines 6--7
\OT1/cmr/bx/n/10 cal
 []


Overfull \hbox (25.3193pt too wide) in paragraph at lines 6--7
\OT1/cmr/bx/n/10 VOC
 []


Overfull \hbox (22.99988pt too wide) in paragraph at lines 6--7
\OT1/cmr/bx/n/10 2012
 []


Overfull \hbox (34.3748pt too wide) in paragraph at lines 6--7
\OT1/cmr/bx/n/10 Daten-
 []


Overfull \hbox (19.70958pt too wide) in paragraph at lines 6--7
\OT1/cmr/bx/n/10 satz
 []


Overfull \hbox (22.30545pt too wide) in paragraph at lines 6--7
\OT1/cmr/bx/n/10 fort-
 []


Overfull \hbox (18.1124pt too wide) in paragraph at lines 6--7
\OT1/cmr/bx/n/10 set-
 []


Overfull \hbox (16.77075pt too wide) in paragraph at lines 6--7
\OT1/cmr/bx/n/10 zen 
 []

Missing character: There is no Ã in font cmbx10!
Missing character: There is no ¼ in font cmbx10!

Overfull \hbox (85.92319pt too wide) in paragraph at lines 7--8
\OT1/cmr/bx/n/10 Implementierung
 []


Overfull \hbox (16.19574pt too wide) in paragraph at lines 7--8
\OT1/cmr/bx/n/10 des
 []


Overfull \hbox (34.79283pt too wide) in paragraph at lines 7--8
\OT1/cmr/bx/n/10 Ansatz
 []


Overfull \hbox (16.39577pt too wide) in paragraph at lines 7--8
\OT1/cmr/bx/n/10 der
 []


Overfull \hbox (25.74988pt too wide) in paragraph at lines 7--8
\OT1/cmr/bx/n/10 Deep
 []


Overfull \hbox (22.21513pt too wide) in paragraph at lines 7--8
\OT1/cmr/bx/n/10 Tay-
 []


Overfull \hbox (13.6805pt too wide) in paragraph at lines 7--8
\OT1/cmr/bx/n/10 lor
 []


Overfull \hbox (17.92352pt too wide) in paragraph at lines 7--8
\OT1/cmr/bx/n/10 De-
 []


Overfull \hbox (24.27765pt too wide) in paragraph at lines 7--8
\OT1/cmr/bx/n/10 com-
 []


Overfull \hbox (16.29158pt too wide) in paragraph at lines 7--8
\OT1/cmr/bx/n/10 po-
 []


Overfull \hbox (11.56381pt too wide) in paragraph at lines 7--8
\OT1/cmr/bx/n/10 si-
 []


Overfull \hbox (19.80545pt too wide) in paragraph at lines 7--8
\OT1/cmr/bx/n/10 tion
 []


Overfull \hbox (8.24997pt too wide) in paragraph at lines 7--8
\OT1/cmr/bx/n/10 fr
 []


Overfull \hbox (26.8193pt too wide) in paragraph at lines 7--8
\OT1/cmr/bx/n/10 DNN
 []


Overfull \hbox (22.42487pt too wide) in paragraph at lines 7--8
\OT1/cmr/bx/n/10 (ins-
 []


Overfull \hbox (32.48732pt too wide) in paragraph at lines 7--8
\OT1/cmr/bx/n/10 beson-
 []


Overfull \hbox (21.66658pt too wide) in paragraph at lines 7--8
\OT1/cmr/bx/n/10 dere
 []


Overfull \hbox (30.77762pt too wide) in paragraph at lines 7--8
\OT1/cmr/bx/n/10 CNN) 
 []

LaTeX Font Info:    External font `cmex10' loaded for size
(Font)              <7> on input line 8.
LaTeX Font Info:    External font `cmex10' loaded for size
(Font)              <5> on input line 8.

Overfull \hbox (46.33311pt too wide) in paragraph at lines 8--9
\OT1/cmr/bx/n/10 Vergleich
 []


Overfull \hbox (23.40265pt too wide) in paragraph at lines 8--9
\OT1/cmr/bx/n/10 LRP
 []


Overfull \hbox (10.00002pt too wide) in paragraph at lines 8--9
\OMS/cmsy/m/n/10 $$
 []


Overfull \hbox (25.74988pt too wide) in paragraph at lines 8--9
\OT1/cmr/bx/n/10 Deep
 []


Overfull \hbox (22.21513pt too wide) in paragraph at lines 8--9
\OT1/cmr/bx/n/10 Tay-
 []


Overfull \hbox (13.6805pt too wide) in paragraph at lines 8--9
\OT1/cmr/bx/n/10 lor
 []


Overfull \hbox (17.92352pt too wide) in paragraph at lines 8--9
\OT1/cmr/bx/n/10 De-
 []


Overfull \hbox (24.27765pt too wide) in paragraph at lines 8--9
\OT1/cmr/bx/n/10 com-
 []


Overfull \hbox (16.29158pt too wide) in paragraph at lines 8--9
\OT1/cmr/bx/n/10 po-
 []


Overfull \hbox (11.56381pt too wide) in paragraph at lines 8--9
\OT1/cmr/bx/n/10 si-
 []


Overfull \hbox (19.80545pt too wide) in paragraph at lines 8--9
\OT1/cmr/bx/n/10 tion 
 []


! LaTeX Error: \begin{frame} on input line 2 ended by \end{large}.

See the LaTeX manual or LaTeX Companion for explanation.
Type  H <return>  for immediate help.
 ...                                              
                                                  
l.10 \end{large}
                
Your command was ignored.
Type  I <command> <return>  to replace it with another command,
or  <return>  to continue without it.

)
! Emergency stop.
<*> content_einleitung.tex
                          
*** (job aborted, no legal \end found)

 
Here is how much of TeX's memory you used:
 15 strings out of 493014
 261 string characters out of 6133352
 54601 words of memory out of 5000000
 3657 multiletter control sequences out of 15000+600000
 3948 words of font info for 15 fonts, out of 8000000 for 9000
 1141 hyphenation exceptions out of 8191
 20i,3n,13p,140b,189s stack positions out of 5000i,500n,10000p,200000b,80000s
!  ==> Fatal error occurred, no output PDF file produced!
